<?xml version="1.0" encoding="UTF-8" standalone="no"?>
<!DOCTYPE log SYSTEM "logger.dtd">
<log>
<record>
  <date>2019-03-15T15:37:23</date>
  <millis>1552660643940</millis>
  <sequence>0</sequence>
  <logger>package.pl</logger>
  <level>WARNING</level>
  <class>org.sda.algorithms.exceptions.ListOfNumbers</class>
  <method>writeList</method>
  <thread>1</thread>
  <message>open0</message>
</record>
<record>
  <date>2019-03-15T15:37:23</date>
  <millis>1552660643982</millis>
  <sequence>1</sequence>
  <logger>package.pl</logger>
  <level>WARNING</level>
  <class>org.sda.algorithms.exceptions.ListOfNumbers</class>
  <method>writeList</method>
  <thread>1</thread>
  <message>open</message>
</record>
<record>
  <date>2019-03-15T15:37:23</date>
  <millis>1552660643983</millis>
  <sequence>2</sequence>
  <logger>package.pl</logger>
  <level>WARNING</level>
  <class>org.sda.algorithms.exceptions.ListOfNumbers</class>
  <method>writeList</method>
  <thread>1</thread>
  <message>&lt;init&gt;</message>
</record>
<record>
  <date>2019-03-15T15:37:23</date>
  <millis>1552660643984</millis>
  <sequence>3</sequence>
  <logger>package.pl</logger>
  <level>WARNING</level>
  <class>org.sda.algorithms.exceptions.ListOfNumbers</class>
  <method>writeList</method>
  <thread>1</thread>
  <message>&lt;init&gt;</message>
</record>
<record>
  <date>2019-03-15T15:37:23</date>
  <millis>1552660643985</millis>
  <sequence>4</sequence>
  <logger>package.pl</logger>
  <level>WARNING</level>
  <class>org.sda.algorithms.exceptions.ListOfNumbers</class>
  <method>writeList</method>
  <thread>1</thread>
  <message>&lt;init&gt;</message>
</record>
<record>
  <date>2019-03-15T15:37:23</date>
  <millis>1552660643986</millis>
  <sequence>5</sequence>
  <logger>package.pl</logger>
  <level>WARNING</level>
  <class>org.sda.algorithms.exceptions.ListOfNumbers</class>
  <method>writeList</method>
  <thread>1</thread>
  <message>writeList</message>
</record>
<record>
  <date>2019-03-15T15:37:23</date>
  <millis>1552660643987</millis>
  <sequence>6</sequence>
  <logger>package.pl</logger>
  <level>WARNING</level>
  <class>org.sda.algorithms.exceptions.ListOfNumbers</class>
  <method>writeList</method>
  <thread>1</thread>
  <message>main</message>
</record>
</log>
